2025-05-17 10:21:15,449 - api_router - INFO - Initializing API routers
2025-05-17 10:21:15,450 - api_router - INFO - Refrigerator router initialized
2025-05-17 10:21:15,452 - api_router - INFO - Microwave router initialized
2025-05-17 10:21:15,452 - api_router - INFO - Induction router initialized
2025-05-17 10:21:15,453 - api_router - INFO - Personalization router initialized
2025-05-17 10:21:15,454 - api_router - INFO - Cooking router initialized
2025-05-17 10:21:15,455 - api_router - INFO - Mobile router initialized
2025-05-17 10:21:15,481 - smart_home_api - INFO - Starting Smart Home API server
2025-05-17 10:21:15,662 - api_router - INFO - Initializing API routers
2025-05-17 10:21:15,663 - api_router - INFO - Refrigerator router initialized
2025-05-17 10:21:15,663 - api_router - INFO - Microwave router initialized
2025-05-17 10:21:15,664 - api_router - INFO - Induction router initialized
2025-05-17 10:21:15,665 - api_router - INFO - Personalization router initialized
2025-05-17 10:21:15,665 - api_router - INFO - Cooking router initialized
2025-05-17 10:21:15,666 - api_router - INFO - Mobile router initialized
2025-05-17 10:21:15,701 - smart_home_api - INFO - Smart Home API server is starting up
2025-05-17 10:25:30,495 - smart_home_api - INFO - Smart Home API server is shutting down
2025-05-17 10:25:30,738 - api_router - INFO - Initializing API routers
2025-05-17 10:25:30,739 - api_router - INFO - Refrigerator router initialized
2025-05-17 10:25:30,740 - api_router - INFO - Microwave router initialized
2025-05-17 10:25:30,740 - api_router - INFO - Induction router initialized
2025-05-17 10:25:30,741 - api_router - INFO - Personalization router initialized
2025-05-17 10:25:30,741 - api_router - INFO - Cooking router initialized
2025-05-17 10:25:30,742 - api_router - INFO - Mobile router initialized
2025-05-17 10:25:30,784 - smart_home_api - INFO - Smart Home API server is starting up
2025-05-17 10:34:21,358 - smart_home_api - INFO - Smart Home API server is shutting down
2025-05-17 10:34:27,652 - api_router - INFO - Initializing API routers
2025-05-17 10:34:27,653 - api_router - INFO - Refrigerator router initialized
2025-05-17 10:34:27,655 - api_router - INFO - Microwave router initialized
2025-05-17 10:34:27,656 - api_router - INFO - Induction router initialized
2025-05-17 10:34:27,656 - api_router - INFO - Personalization router initialized
2025-05-17 10:34:27,657 - api_router - INFO - Cooking router initialized
2025-05-17 10:34:27,658 - api_router - INFO - Mobile router initialized
2025-05-17 10:34:27,680 - smart_home_api - INFO - Starting Smart Home API server
2025-05-17 10:34:27,857 - api_router - INFO - Initializing API routers
2025-05-17 10:34:27,858 - api_router - INFO - Refrigerator router initialized
2025-05-17 10:34:27,859 - api_router - INFO - Microwave router initialized
2025-05-17 10:34:27,859 - api_router - INFO - Induction router initialized
2025-05-17 10:34:27,860 - api_router - INFO - Personalization router initialized
2025-05-17 10:34:27,861 - api_router - INFO - Cooking router initialized
2025-05-17 10:34:27,862 - api_router - INFO - Mobile router initialized
2025-05-17 10:34:27,897 - smart_home_api - INFO - Smart Home API server is starting up
2025-05-17 10:34:36,380 - smart_home_api - INFO - Request 1747445676.380577 - Method: GET Path: /refrigerator/food-items - Client: 127.0.0.1
2025-05-17 10:34:36,380 - refrigerator_api - INFO - API 호출: 냉장고에 있는 식재료 리스트 조회
2025-05-17 10:34:36,380 - refrigerator_service - INFO - 서비스 호출: 냉장고에 있는 식재료 리스트 조회
2025-05-17 10:34:36,381 - smart_home_api - INFO - Response 1747445676.380577 - Status: 200 - Took: 0.0009s
2025-05-17 10:39:30,633 - smart_home_api - INFO - Request 1747445970.633854 - Method: GET Path: /refrigerator/cooking-state - Client: 127.0.0.1
2025-05-17 10:39:30,634 - refrigerator_api - INFO - API 호출: 냉장고 디스플레이 요리 상태 조회
2025-05-17 10:39:30,634 - refrigerator_service - INFO - 서비스 호출: 냉장고 디스플레이 요리 상태 조회
2025-05-17 10:39:30,635 - smart_home_api - INFO - Response 1747445970.633854 - Status: 200 - Took: 0.0010s
2025-05-17 10:39:30,638 - smart_home_api - INFO - Request 1747445970.638653 - Method: GET Path: /induction/power/state - Client: 127.0.0.1
2025-05-17 10:39:30,639 - smart_home_api - INFO - Response 1747445970.638653 - Status: 404 - Took: 0.0003s
2025-05-17 10:39:30,642 - smart_home_api - INFO - Request 1747445970.642853 - Method: GET Path: /microwave/power/state - Client: 127.0.0.1
2025-05-17 10:39:30,643 - smart_home_api - INFO - Response 1747445970.642853 - Status: 404 - Took: 0.0004s
2025-05-17 10:39:30,645 - smart_home_api - INFO - Request 1747445970.6456451 - Method: GET Path: /microwave/mode - Client: 127.0.0.1
2025-05-17 10:39:30,645 - smart_home_api - INFO - Response 1747445970.6456451 - Status: 404 - Took: 0.0002s
2025-05-17 10:39:32,030 - smart_home_api - INFO - Request 1747445972.030516 - Method: GET Path: /refrigerator/cooking-state - Client: 127.0.0.1
2025-05-17 10:39:32,030 - refrigerator_api - INFO - API 호출: 냉장고 디스플레이 요리 상태 조회
2025-05-17 10:39:32,030 - refrigerator_service - INFO - 서비스 호출: 냉장고 디스플레이 요리 상태 조회
2025-05-17 10:39:32,031 - smart_home_api - INFO - Response 1747445972.030516 - Status: 200 - Took: 0.0004s
2025-05-17 10:39:32,033 - smart_home_api - INFO - Request 1747445972.0336242 - Method: GET Path: /induction/power/state - Client: 127.0.0.1
2025-05-17 10:39:32,033 - smart_home_api - INFO - Response 1747445972.0336242 - Status: 404 - Took: 0.0003s
2025-05-17 10:39:32,036 - smart_home_api - INFO - Request 1747445972.036522 - Method: GET Path: /microwave/power/state - Client: 127.0.0.1
2025-05-17 10:39:32,036 - smart_home_api - INFO - Response 1747445972.036522 - Status: 404 - Took: 0.0003s
2025-05-17 10:39:32,039 - smart_home_api - INFO - Request 1747445972.039479 - Method: GET Path: /microwave/mode - Client: 127.0.0.1
2025-05-17 10:39:32,040 - smart_home_api - INFO - Response 1747445972.039479 - Status: 404 - Took: 0.0005s
2025-05-17 10:41:00,158 - smart_home_api - INFO - Request 1747446060.158137 - Method: GET Path: /user/message - Client: 127.0.0.1
2025-05-17 10:41:00,159 - smart_home_api - INFO - Response 1747446060.158137 - Status: 404 - Took: 0.0006s
2025-05-17 10:41:02,318 - smart_home_api - INFO - Request 1747446062.3179882 - Method: GET Path: /user/calendar - Client: 127.0.0.1
2025-05-17 10:41:02,318 - smart_home_api - INFO - Response 1747446062.3179882 - Status: 404 - Took: 0.0005s
2025-05-17 10:41:04,332 - smart_home_api - INFO - Request 1747446064.332103 - Method: GET Path: /user/calendar - Client: 127.0.0.1
2025-05-17 10:41:04,333 - smart_home_api - INFO - Response 1747446064.332103 - Status: 404 - Took: 0.0015s
2025-05-17 10:41:05,674 - smart_home_api - INFO - Request 1747446065.6744509 - Method: GET Path: /user/calendar - Client: 127.0.0.1
2025-05-17 10:41:05,674 - smart_home_api - INFO - Response 1747446065.6744509 - Status: 404 - Took: 0.0003s
2025-05-17 10:41:07,683 - smart_home_api - INFO - Request 1747446067.683435 - Method: GET Path: /user/message - Client: 127.0.0.1
2025-05-17 10:41:07,684 - smart_home_api - INFO - Response 1747446067.683435 - Status: 404 - Took: 0.0005s
2025-05-17 10:45:42,584 - smart_home_api - INFO - Request 1747446342.584428 - Method: GET Path: /mobile/messages - Client: 127.0.0.1
2025-05-17 10:45:42,585 - mobile_api - INFO - API 호출: 보낸 문자 메시지 목록 조회
2025-05-17 10:45:42,585 - mobile_service - INFO - 서비스 호출: 보낸 문자 메시지 목록 조회
2025-05-17 10:45:42,586 - smart_home_api - INFO - Response 1747446342.584428 - Status: 200 - Took: 0.0014s
2025-05-17 10:45:45,417 - smart_home_api - INFO - Request 1747446345.4173598 - Method: GET Path: /personalization/preferences - Client: 127.0.0.1
2025-05-17 10:45:45,417 - personalization_api - INFO - API 호출: 사용자의 개인 선호도 리스트 조회
2025-05-17 10:45:45,418 - personalization_service - INFO - 서비스 호출: 사용자의 개인 선호도 리스트 조회
2025-05-17 10:45:45,418 - smart_home_api - INFO - Response 1747446345.4173598 - Status: 200 - Took: 0.0011s
2025-05-17 10:45:46,892 - smart_home_api - INFO - Request 1747446346.892891 - Method: GET Path: /personalization/preferences - Client: 127.0.0.1
2025-05-17 10:45:46,893 - personalization_api - INFO - API 호출: 사용자의 개인 선호도 리스트 조회
2025-05-17 10:45:46,893 - personalization_service - INFO - 서비스 호출: 사용자의 개인 선호도 리스트 조회
2025-05-17 10:45:46,893 - smart_home_api - INFO - Response 1747446346.892891 - Status: 200 - Took: 0.0006s
2025-05-17 10:45:48,744 - smart_home_api - INFO - Request 1747446348.744755 - Method: GET Path: /mobile/calendar - Client: 127.0.0.1
2025-05-17 10:45:48,745 - mobile_api - INFO - API 호출: 캘린더 일정 목록 조회
2025-05-17 10:45:48,745 - mobile_service - INFO - 서비스 호출: 캘린더 일정 목록 조회
2025-05-17 10:45:48,745 - smart_home_api - INFO - Response 1747446348.744755 - Status: 200 - Took: 0.0008s
2025-05-17 10:45:51,715 - smart_home_api - INFO - Request 1747446351.715682 - Method: GET Path: /refrigerator/cooking-state - Client: 127.0.0.1
2025-05-17 10:45:51,716 - refrigerator_api - INFO - API 호출: 냉장고 디스플레이 요리 상태 조회
2025-05-17 10:45:51,716 - refrigerator_service - INFO - 서비스 호출: 냉장고 디스플레이 요리 상태 조회
2025-05-17 10:45:51,716 - smart_home_api - INFO - Response 1747446351.715682 - Status: 200 - Took: 0.0008s
2025-05-17 10:45:51,719 - smart_home_api - INFO - Request 1747446351.719944 - Method: GET Path: /api/induction/status - Client: 127.0.0.1
2025-05-17 10:45:51,720 - induction_api - INFO - API 호출: 인덕션 상태 조회
2025-05-17 10:45:51,720 - induction_service - INFO - 서비스 호출: 인덕션 상태 조회
2025-05-17 10:45:51,721 - smart_home_api - INFO - Response 1747446351.719944 - Status: 200 - Took: 0.0016s
2025-05-17 10:45:51,724 - smart_home_api - INFO - Request 1747446351.724747 - Method: GET Path: /api/microwave/status - Client: 127.0.0.1
2025-05-17 10:45:51,724 - microwave_api - INFO - API 호출: 전자레인지 조리 상태 조회
2025-05-17 10:45:51,725 - smart_home_api - INFO - Response 1747446351.724747 - Status: 200 - Took: 0.0004s
2025-05-17 10:45:53,373 - smart_home_api - INFO - Request 1747446353.373079 - Method: GET Path: /refrigerator/cooking-state - Client: 127.0.0.1
2025-05-17 10:45:53,373 - refrigerator_api - INFO - API 호출: 냉장고 디스플레이 요리 상태 조회
2025-05-17 10:45:53,373 - refrigerator_service - INFO - 서비스 호출: 냉장고 디스플레이 요리 상태 조회
2025-05-17 10:45:53,373 - smart_home_api - INFO - Response 1747446353.373079 - Status: 200 - Took: 0.0004s
2025-05-17 10:45:53,375 - smart_home_api - INFO - Request 1747446353.375953 - Method: GET Path: /api/induction/status - Client: 127.0.0.1
2025-05-17 10:45:53,376 - induction_api - INFO - API 호출: 인덕션 상태 조회
2025-05-17 10:45:53,376 - induction_service - INFO - 서비스 호출: 인덕션 상태 조회
2025-05-17 10:45:53,376 - smart_home_api - INFO - Response 1747446353.375953 - Status: 200 - Took: 0.0004s
2025-05-17 10:45:53,379 - smart_home_api - INFO - Request 1747446353.379801 - Method: GET Path: /api/microwave/status - Client: 127.0.0.1
2025-05-17 10:45:53,380 - microwave_api - INFO - API 호출: 전자레인지 조리 상태 조회
2025-05-17 10:45:53,380 - smart_home_api - INFO - Response 1747446353.379801 - Status: 200 - Took: 0.0007s
2025-05-17 10:47:43,412 - smart_home_api - INFO - Smart Home API server is shutting down
2025-05-17 10:47:44,626 - api_router - INFO - Initializing API routers
2025-05-17 10:47:44,627 - api_router - INFO - Refrigerator router initialized
2025-05-17 10:47:44,627 - api_router - INFO - Microwave router initialized
2025-05-17 10:47:44,628 - api_router - INFO - Induction router initialized
2025-05-17 10:47:44,629 - api_router - INFO - Personalization router initialized
2025-05-17 10:47:44,629 - api_router - INFO - Cooking router initialized
2025-05-17 10:47:44,630 - api_router - INFO - Mobile router initialized
2025-05-17 10:47:44,671 - smart_home_api - INFO - Smart Home API server is starting up
2025-05-17 10:49:17,840 - smart_home_api - INFO - Request 1747446557.8408298 - Method: GET Path: /refrigerator/cooking-state - Client: 127.0.0.1
2025-05-17 10:49:17,841 - refrigerator_api - INFO - API 호출: 냉장고 디스플레이 요리 상태 조회
2025-05-17 10:49:17,841 - refrigerator_service - INFO - 서비스 호출: 냉장고 디스플레이 요리 상태 조회
2025-05-17 10:49:17,842 - smart_home_api - INFO - Response 1747446557.8408298 - Status: 200 - Took: 0.0007s
2025-05-17 10:49:17,844 - smart_home_api - INFO - Request 1747446557.8447099 - Method: GET Path: /api/induction/status - Client: 127.0.0.1
2025-05-17 10:49:17,844 - induction_api - INFO - API 호출: 인덕션 상태 조회
2025-05-17 10:49:17,845 - induction_service - INFO - 서비스 호출: 인덕션 상태 조회
2025-05-17 10:49:17,845 - smart_home_api - INFO - Response 1747446557.8447099 - Status: 200 - Took: 0.0006s
2025-05-17 10:49:17,850 - smart_home_api - INFO - Request 1747446557.850007 - Method: GET Path: /api/microwave/status - Client: 127.0.0.1
2025-05-17 10:49:17,850 - microwave_api - INFO - API 호출: 전자레인지 조리 상태 조회
2025-05-17 10:49:17,850 - smart_home_api - INFO - Response 1747446557.850007 - Status: 200 - Took: 0.0003s
2025-05-17 10:49:20,750 - smart_home_api - INFO - Request 1747446560.750585 - Method: GET Path: /mobile/messages - Client: 127.0.0.1
2025-05-17 10:49:20,751 - mobile_api - INFO - API 호출: 보낸 문자 메시지 목록 조회
2025-05-17 10:49:20,751 - mobile_service - INFO - 서비스 호출: 보낸 문자 메시지 목록 조회
2025-05-17 10:49:20,751 - smart_home_api - INFO - Response 1747446560.750585 - Status: 200 - Took: 0.0010s
2025-05-17 10:51:43,200 - smart_home_api - INFO - Request 1747446703.2003489 - Method: GET Path: /앷ㄴ - Client: 127.0.0.1
2025-05-17 10:51:43,201 - smart_home_api - INFO - Response 1747446703.2003489 - Status: 404 - Took: 0.0007s
2025-05-17 10:51:43,255 - smart_home_api - INFO - Request 1747446703.255448 - Method: GET Path: /favicon.ico - Client: 127.0.0.1
2025-05-17 10:51:43,255 - smart_home_api - INFO - Response 1747446703.255448 - Status: 404 - Took: 0.0003s
2025-05-17 10:51:46,959 - smart_home_api - INFO - Request 1747446706.95945 - Method: GET Path: /dosc - Client: 127.0.0.1
2025-05-17 10:51:46,960 - smart_home_api - INFO - Response 1747446706.95945 - Status: 404 - Took: 0.0006s
2025-05-17 10:51:48,822 - smart_home_api - INFO - Request 1747446708.822072 - Method: GET Path: /docs - Client: 127.0.0.1
2025-05-17 10:51:48,822 - smart_home_api - INFO - Response 1747446708.822072 - Status: 200 - Took: 0.0005s
2025-05-17 10:51:48,877 - smart_home_api - INFO - Request 1747446708.8770611 - Method: GET Path: /openapi.json - Client: 127.0.0.1
2025-05-17 10:51:48,896 - smart_home_api - INFO - Response 1747446708.8770611 - Status: 200 - Took: 0.0190s
2025-05-17 10:51:54,927 - smart_home_api - INFO - Request 1747446714.927694 - Method: GET Path: /api/microwave/status - Client: 127.0.0.1
2025-05-17 10:51:54,928 - microwave_api - INFO - API 호출: 전자레인지 조리 상태 조회
2025-05-17 10:51:54,928 - smart_home_api - INFO - Response 1747446714.927694 - Status: 200 - Took: 0.0006s
2025-05-17 10:52:03,136 - smart_home_api - INFO - Request 1747446723.1361432 - Method: GET Path: /api/induction/status - Client: 127.0.0.1
2025-05-17 10:52:03,136 - induction_api - INFO - API 호출: 인덕션 상태 조회
2025-05-17 10:52:03,137 - induction_service - INFO - 서비스 호출: 인덕션 상태 조회
2025-05-17 10:52:03,137 - smart_home_api - INFO - Response 1747446723.1361432 - Status: 200 - Took: 0.0006s
2025-05-17 10:52:03,830 - smart_home_api - INFO - Request 1747446723.830838 - Method: GET Path: /api/induction/status - Client: 127.0.0.1
2025-05-17 10:52:03,831 - induction_api - INFO - API 호출: 인덕션 상태 조회
2025-05-17 10:52:03,831 - induction_service - INFO - 서비스 호출: 인덕션 상태 조회
2025-05-17 10:52:03,831 - smart_home_api - INFO - Response 1747446723.830838 - Status: 200 - Took: 0.0008s
2025-05-17 10:56:29,503 - smart_home_api - INFO - Request 1747446989.503328 - Method: GET Path: /refrigerator/food-items - Client: 127.0.0.1
2025-05-17 10:56:29,504 - refrigerator_api - INFO - API 호출: 냉장고에 있는 식재료 리스트 조회
2025-05-17 10:56:29,504 - refrigerator_service - INFO - 서비스 호출: 냉장고에 있는 식재료 리스트 조회
2025-05-17 10:56:29,505 - smart_home_api - INFO - Response 1747446989.503328 - Status: 200 - Took: 0.0007s
2025-05-17 10:56:36,474 - smart_home_api - INFO - Request 1747446996.474169 - Method: GET Path: /api/microwave/status - Client: 127.0.0.1
2025-05-17 10:56:36,474 - microwave_api - INFO - API 호출: 전자레인지 조리 상태 조회
2025-05-17 10:56:36,474 - smart_home_api - INFO - Response 1747446996.474169 - Status: 200 - Took: 0.0003s
2025-05-17 10:58:45,123 - smart_home_api - INFO - Request 1747447125.123627 - Method: GET Path: /api/microwave/status - Client: 127.0.0.1
2025-05-17 10:58:45,123 - microwave_api - INFO - API 호출: 전자레인지 조리 상태 조회
2025-05-17 10:58:45,124 - smart_home_api - INFO - Response 1747447125.123627 - Status: 200 - Took: 0.0003s
2025-05-17 11:00:18,671 - smart_home_api - INFO - Request 1747447218.671803 - Method: GET Path: /refrigerator/cooking-state - Client: 127.0.0.1
2025-05-17 11:00:18,672 - refrigerator_api - INFO - API 호출: 냉장고 디스플레이 요리 상태 조회
2025-05-17 11:00:18,672 - refrigerator_service - INFO - 서비스 호출: 냉장고 디스플레이 요리 상태 조회
2025-05-17 11:00:18,672 - smart_home_api - INFO - Response 1747447218.671803 - Status: 200 - Took: 0.0004s
2025-05-17 11:00:18,674 - smart_home_api - INFO - Request 1747447218.674643 - Method: GET Path: /api/induction/status - Client: 127.0.0.1
2025-05-17 11:00:18,674 - induction_api - INFO - API 호출: 인덕션 상태 조회
2025-05-17 11:00:18,674 - induction_service - INFO - 서비스 호출: 인덕션 상태 조회
2025-05-17 11:00:18,675 - smart_home_api - INFO - Response 1747447218.674643 - Status: 200 - Took: 0.0003s
2025-05-17 11:00:18,677 - smart_home_api - INFO - Request 1747447218.6770282 - Method: GET Path: /api/microwave/status - Client: 127.0.0.1
2025-05-17 11:00:18,677 - microwave_api - INFO - API 호출: 전자레인지 조리 상태 조회
2025-05-17 11:00:18,677 - smart_home_api - INFO - Response 1747447218.6770282 - Status: 200 - Took: 0.0004s
2025-05-17 11:00:26,696 - smart_home_api - INFO - Request 1747447226.696241 - Method: POST Path: /api/microwave/power - Client: 127.0.0.1
2025-05-17 11:00:26,696 - microwave_api - INFO - API 호출: 전자레인지 전원 토글
2025-05-17 11:00:26,696 - smart_home_api - INFO - Response 1747447226.696241 - Status: 200 - Took: 0.0004s
2025-05-17 11:00:29,175 - smart_home_api - INFO - Request 1747447229.1752992 - Method: GET Path: /refrigerator/cooking-state - Client: 127.0.0.1
2025-05-17 11:00:29,175 - refrigerator_api - INFO - API 호출: 냉장고 디스플레이 요리 상태 조회
2025-05-17 11:00:29,176 - refrigerator_service - INFO - 서비스 호출: 냉장고 디스플레이 요리 상태 조회
2025-05-17 11:00:29,176 - smart_home_api - INFO - Response 1747447229.1752992 - Status: 200 - Took: 0.0011s
2025-05-17 11:00:29,179 - smart_home_api - INFO - Request 1747447229.179942 - Method: GET Path: /api/induction/status - Client: 127.0.0.1
2025-05-17 11:00:29,180 - induction_api - INFO - API 호출: 인덕션 상태 조회
2025-05-17 11:00:29,180 - induction_service - INFO - 서비스 호출: 인덕션 상태 조회
2025-05-17 11:00:29,180 - smart_home_api - INFO - Response 1747447229.179942 - Status: 200 - Took: 0.0008s
2025-05-17 11:00:29,183 - smart_home_api - INFO - Request 1747447229.1837661 - Method: GET Path: /api/microwave/status - Client: 127.0.0.1
2025-05-17 11:00:29,184 - microwave_api - INFO - API 호출: 전자레인지 조리 상태 조회
2025-05-17 11:00:29,184 - smart_home_api - INFO - Response 1747447229.1837661 - Status: 200 - Took: 0.0005s
2025-05-17 11:01:53,599 - smart_home_api - INFO - Smart Home API server is shutting down
2025-05-17 11:01:57,266 - api_router - INFO - Initializing API routers
2025-05-17 11:01:57,267 - api_router - INFO - Refrigerator router initialized
2025-05-17 11:01:57,269 - api_router - INFO - Microwave router initialized
2025-05-17 11:01:57,270 - api_router - INFO - Induction router initialized
2025-05-17 11:01:57,270 - api_router - INFO - Personalization router initialized
2025-05-17 11:01:57,271 - api_router - INFO - Cooking router initialized
2025-05-17 11:01:57,272 - api_router - INFO - Mobile router initialized
2025-05-17 11:01:57,293 - smart_home_api - INFO - Starting Smart Home API server
2025-05-17 11:01:57,470 - api_router - INFO - Initializing API routers
2025-05-17 11:01:57,471 - api_router - INFO - Refrigerator router initialized
2025-05-17 11:01:57,472 - api_router - INFO - Microwave router initialized
2025-05-17 11:01:57,472 - api_router - INFO - Induction router initialized
2025-05-17 11:01:57,473 - api_router - INFO - Personalization router initialized
2025-05-17 11:01:57,473 - api_router - INFO - Cooking router initialized
2025-05-17 11:01:57,474 - api_router - INFO - Mobile router initialized
2025-05-17 11:01:57,510 - smart_home_api - INFO - Smart Home API server is starting up
2025-05-17 11:02:24,231 - smart_home_api - INFO - Request 1747447344.231034 - Method: GET Path: /refrigerator/cooking-state - Client: 127.0.0.1
2025-05-17 11:02:24,231 - refrigerator_api - INFO - API 호출: 냉장고 디스플레이 요리 상태 조회
2025-05-17 11:02:24,231 - refrigerator_service - INFO - 서비스 호출: 냉장고 디스플레이 요리 상태 조회
2025-05-17 11:02:24,232 - smart_home_api - INFO - Response 1747447344.231034 - Status: 200 - Took: 0.0009s
2025-05-17 11:02:24,234 - smart_home_api - INFO - Request 1747447344.234612 - Method: GET Path: /api/induction/status - Client: 127.0.0.1
2025-05-17 11:02:24,234 - induction_api - INFO - API 호출: 인덕션 상태 조회
2025-05-17 11:02:24,234 - induction_service - INFO - 서비스 호출: 인덕션 상태 조회
2025-05-17 11:02:24,235 - smart_home_api - INFO - Response 1747447344.234612 - Status: 200 - Took: 0.0004s
2025-05-17 11:02:24,237 - smart_home_api - INFO - Request 1747447344.237459 - Method: GET Path: /api/microwave/status - Client: 127.0.0.1
2025-05-17 11:02:24,237 - microwave_api - INFO - API 호출: 전자레인지 조리 상태 조회
2025-05-17 11:02:24,237 - smart_home_api - INFO - Response 1747447344.237459 - Status: 200 - Took: 0.0003s
2025-05-17 11:02:37,221 - smart_home_api - INFO - Request 1747447357.221144 - Method: GET Path: /api/induction/status - Client: 127.0.0.1
2025-05-17 11:02:37,221 - induction_api - INFO - API 호출: 인덕션 상태 조회
2025-05-17 11:02:37,221 - induction_service - INFO - 서비스 호출: 인덕션 상태 조회
2025-05-17 11:02:37,221 - smart_home_api - INFO - Response 1747447357.221144 - Status: 200 - Took: 0.0005s
2025-05-17 11:02:38,184 - smart_home_api - INFO - Request 1747447358.1847858 - Method: GET Path: /api/microwave/status - Client: 127.0.0.1
2025-05-17 11:02:38,185 - microwave_api - INFO - API 호출: 전자레인지 조리 상태 조회
2025-05-17 11:02:38,185 - smart_home_api - INFO - Response 1747447358.1847858 - Status: 200 - Took: 0.0005s
2025-05-17 11:02:50,062 - smart_home_api - INFO - Request 1747447370.0625951 - Method: POST Path: /api/induction/power - Client: 127.0.0.1
2025-05-17 11:02:50,062 - induction_api - INFO - API 호출: 인덕션 전원 토글
2025-05-17 11:02:50,063 - induction_service - INFO - 서비스 호출: 인덕션 전원 켜기
2025-05-17 11:02:50,063 - induction_service - INFO - 서비스 호출: 인덕션 상태 조회
2025-05-17 11:02:50,063 - smart_home_api - INFO - Response 1747447370.0625951 - Status: 200 - Took: 0.0007s
2025-05-17 11:02:53,051 - smart_home_api - INFO - Request 1747447373.051472 - Method: GET Path: /refrigerator/cooking-state - Client: 127.0.0.1
2025-05-17 11:02:53,051 - refrigerator_api - INFO - API 호출: 냉장고 디스플레이 요리 상태 조회
2025-05-17 11:02:53,052 - refrigerator_service - INFO - 서비스 호출: 냉장고 디스플레이 요리 상태 조회
2025-05-17 11:02:53,052 - smart_home_api - INFO - Response 1747447373.051472 - Status: 200 - Took: 0.0006s
2025-05-17 11:02:53,054 - smart_home_api - INFO - Request 1747447373.054647 - Method: GET Path: /api/induction/status - Client: 127.0.0.1
2025-05-17 11:02:53,054 - induction_api - INFO - API 호출: 인덕션 상태 조회
2025-05-17 11:02:53,054 - induction_service - INFO - 서비스 호출: 인덕션 상태 조회
2025-05-17 11:02:53,055 - smart_home_api - INFO - Response 1747447373.054647 - Status: 200 - Took: 0.0003s
2025-05-17 11:02:53,058 - smart_home_api - INFO - Request 1747447373.0580459 - Method: GET Path: /api/microwave/status - Client: 127.0.0.1
2025-05-17 11:02:53,058 - microwave_api - INFO - API 호출: 전자레인지 조리 상태 조회
2025-05-17 11:02:53,058 - smart_home_api - INFO - Response 1747447373.0580459 - Status: 200 - Took: 0.0003s
2025-05-17 11:02:58,720 - smart_home_api - INFO - Request 1747447378.720791 - Method: POST Path: /api/microwave/power - Client: 127.0.0.1
2025-05-17 11:02:58,721 - microwave_api - INFO - API 호출: 전자레인지 전원 토글
2025-05-17 11:02:58,721 - smart_home_api - INFO - Response 1747447378.720791 - Status: 200 - Took: 0.0003s
2025-05-17 11:03:00,521 - smart_home_api - INFO - Request 1747447380.521566 - Method: GET Path: /refrigerator/cooking-state - Client: 127.0.0.1
2025-05-17 11:03:00,522 - refrigerator_api - INFO - API 호출: 냉장고 디스플레이 요리 상태 조회
2025-05-17 11:03:00,522 - refrigerator_service - INFO - 서비스 호출: 냉장고 디스플레이 요리 상태 조회
2025-05-17 11:03:00,523 - smart_home_api - INFO - Response 1747447380.521566 - Status: 200 - Took: 0.0018s
2025-05-17 11:03:00,528 - smart_home_api - INFO - Request 1747447380.528163 - Method: GET Path: /api/induction/status - Client: 127.0.0.1
2025-05-17 11:03:00,528 - induction_api - INFO - API 호출: 인덕션 상태 조회
2025-05-17 11:03:00,528 - induction_service - INFO - 서비스 호출: 인덕션 상태 조회
2025-05-17 11:03:00,528 - smart_home_api - INFO - Response 1747447380.528163 - Status: 200 - Took: 0.0005s
2025-05-17 11:03:00,531 - smart_home_api - INFO - Request 1747447380.531869 - Method: GET Path: /api/microwave/status - Client: 127.0.0.1
2025-05-17 11:03:00,532 - microwave_api - INFO - API 호출: 전자레인지 조리 상태 조회
2025-05-17 11:03:00,532 - smart_home_api - INFO - Response 1747447380.531869 - Status: 200 - Took: 0.0005s
2025-05-17 11:03:19,115 - smart_home_api - INFO - Request 1747447399.115551 - Method: POST Path: /mobile/messages - Client: 127.0.0.1
2025-05-17 11:03:19,116 - mobile_api - INFO - API 호출: 문자 메시지 보내기 (제목: 오늘 저녁메뉴, 받는사람: 엄마)
2025-05-17 11:03:19,117 - mobile_service - INFO - 서비스 호출: 문자 메시지 보내기 (제목: 오늘 저녁메뉴, 받는사람: 엄마)
2025-05-17 11:03:19,117 - smart_home_api - INFO - Response 1747447399.115551 - Status: 200 - Took: 0.0017s
2025-05-17 11:03:22,245 - smart_home_api - INFO - Request 1747447402.245266 - Method: GET Path: /mobile/messages - Client: 127.0.0.1
2025-05-17 11:03:22,245 - mobile_api - INFO - API 호출: 보낸 문자 메시지 목록 조회
2025-05-17 11:03:22,246 - mobile_service - INFO - 서비스 호출: 보낸 문자 메시지 목록 조회
2025-05-17 11:03:22,246 - smart_home_api - INFO - Response 1747447402.245266 - Status: 200 - Took: 0.0014s
2025-05-17 23:56:30,358 - smart_home_api - INFO - Smart Home API server is shutting down
2025-05-17 23:56:30,622 - api_router - INFO - Initializing API routers
2025-05-17 23:56:30,623 - api_router - INFO - Refrigerator router initialized
2025-05-17 23:56:30,624 - api_router - INFO - Microwave router initialized
2025-05-17 23:56:30,625 - api_router - INFO - Induction router initialized
2025-05-17 23:56:30,626 - api_router - INFO - Personalization router initialized
2025-05-17 23:56:30,626 - api_router - INFO - Cooking router initialized
2025-05-17 23:56:30,627 - api_router - INFO - Mobile router initialized
2025-05-17 23:56:30,670 - smart_home_api - INFO - Smart Home API server is starting up
2025-05-17 23:56:33,601 - smart_home_api - INFO - Smart Home API server is shutting down
2025-05-17 23:56:33,789 - api_router - INFO - Initializing API routers
2025-05-17 23:56:33,791 - api_router - INFO - Refrigerator router initialized
2025-05-17 23:56:33,791 - api_router - INFO - Microwave router initialized
2025-05-17 23:56:33,792 - api_router - INFO - Induction router initialized
2025-05-17 23:56:33,793 - api_router - INFO - Personalization router initialized
2025-05-17 23:56:33,794 - api_router - INFO - Cooking router initialized
2025-05-17 23:56:33,796 - api_router - INFO - Mobile router initialized
2025-05-17 23:56:33,833 - smart_home_api - INFO - Smart Home API server is starting up
2025-05-17 23:56:37,407 - smart_home_api - INFO - Smart Home API server is shutting down
2025-05-17 23:56:37,591 - api_router - INFO - Initializing API routers
2025-05-17 23:56:37,592 - api_router - INFO - Refrigerator router initialized
2025-05-17 23:56:37,592 - api_router - INFO - Microwave router initialized
2025-05-17 23:56:37,593 - api_router - INFO - Induction router initialized
2025-05-17 23:56:37,594 - api_router - INFO - Personalization router initialized
2025-05-17 23:56:37,594 - api_router - INFO - Cooking router initialized
2025-05-17 23:56:37,595 - api_router - INFO - Mobile router initialized
2025-05-17 23:56:37,628 - smart_home_api - INFO - Smart Home API server is starting up
2025-05-17 23:56:47,776 - smart_home_api - INFO - Smart Home API server is shutting down
2025-05-17 23:56:47,978 - api_router - INFO - Initializing API routers
2025-05-17 23:56:47,979 - api_router - INFO - Refrigerator router initialized
2025-05-17 23:56:47,980 - api_router - INFO - Microwave router initialized
2025-05-17 23:56:47,980 - api_router - INFO - Induction router initialized
2025-05-17 23:56:47,981 - api_router - INFO - Personalization router initialized
2025-05-17 23:56:47,982 - api_router - INFO - Cooking router initialized
2025-05-17 23:56:47,983 - api_router - INFO - Mobile router initialized
2025-05-17 23:56:48,016 - smart_home_api - INFO - Smart Home API server is starting up
2025-05-17 23:56:50,978 - smart_home_api - INFO - Smart Home API server is shutting down
2025-05-17 23:56:51,186 - api_router - INFO - Initializing API routers
2025-05-17 23:56:51,187 - api_router - INFO - Refrigerator router initialized
2025-05-17 23:56:51,188 - api_router - INFO - Microwave router initialized
2025-05-17 23:56:51,189 - api_router - INFO - Induction router initialized
2025-05-17 23:56:51,190 - api_router - INFO - Personalization router initialized
2025-05-17 23:56:51,190 - api_router - INFO - Cooking router initialized
2025-05-17 23:56:51,191 - api_router - INFO - Mobile router initialized
2025-05-17 23:56:51,226 - smart_home_api - INFO - Smart Home API server is starting up
2025-05-17 23:56:54,762 - smart_home_api - INFO - Smart Home API server is shutting down
2025-05-17 23:56:54,967 - api_router - INFO - Initializing API routers
2025-05-17 23:56:54,968 - api_router - INFO - Refrigerator router initialized
2025-05-17 23:56:54,968 - api_router - INFO - Microwave router initialized
2025-05-17 23:56:54,969 - api_router - INFO - Induction router initialized
2025-05-17 23:56:54,970 - api_router - INFO - Personalization router initialized
2025-05-17 23:56:54,970 - api_router - INFO - Cooking router initialized
2025-05-17 23:56:54,971 - api_router - INFO - Mobile router initialized
2025-05-17 23:56:55,007 - smart_home_api - INFO - Smart Home API server is starting up
2025-05-17 23:57:02,320 - smart_home_api - INFO - Smart Home API server is shutting down
2025-05-17 23:57:02,532 - api_router - INFO - Initializing API routers
2025-05-17 23:57:02,533 - api_router - INFO - Refrigerator router initialized
2025-05-17 23:57:02,534 - api_router - INFO - Microwave router initialized
2025-05-17 23:57:02,534 - api_router - INFO - Induction router initialized
2025-05-17 23:57:02,535 - api_router - INFO - Personalization router initialized
2025-05-17 23:57:02,536 - api_router - INFO - Cooking router initialized
2025-05-17 23:57:02,537 - api_router - INFO - Mobile router initialized
2025-05-17 23:57:02,571 - smart_home_api - INFO - Smart Home API server is starting up
2025-05-17 23:57:07,119 - smart_home_api - INFO - Smart Home API server is shutting down
2025-05-17 23:57:07,308 - api_router - INFO - Initializing API routers
2025-05-17 23:57:07,310 - api_router - INFO - Refrigerator router initialized
2025-05-17 23:57:07,311 - api_router - INFO - Microwave router initialized
2025-05-17 23:57:07,311 - api_router - INFO - Induction router initialized
2025-05-17 23:57:07,312 - api_router - INFO - Personalization router initialized
2025-05-17 23:57:07,312 - api_router - INFO - Cooking router initialized
2025-05-17 23:57:07,314 - api_router - INFO - Mobile router initialized
2025-05-17 23:57:07,348 - smart_home_api - INFO - Smart Home API server is starting up
2025-05-17 23:57:13,411 - smart_home_api - INFO - Smart Home API server is shutting down
2025-05-17 23:57:13,606 - api_router - INFO - Initializing API routers
2025-05-17 23:57:13,608 - api_router - INFO - Refrigerator router initialized
2025-05-17 23:57:13,608 - api_router - INFO - Microwave router initialized
2025-05-17 23:57:13,609 - api_router - INFO - Induction router initialized
2025-05-17 23:57:13,609 - api_router - INFO - Personalization router initialized
2025-05-17 23:57:13,610 - api_router - INFO - Cooking router initialized
2025-05-17 23:57:13,611 - api_router - INFO - Mobile router initialized
2025-05-17 23:57:13,645 - smart_home_api - INFO - Smart Home API server is starting up
2025-05-17 23:57:21,035 - smart_home_api - INFO - Smart Home API server is shutting down
2025-05-17 23:57:21,227 - api_router - INFO - Initializing API routers
2025-05-17 23:57:21,228 - api_router - INFO - Refrigerator router initialized
2025-05-17 23:57:21,229 - api_router - INFO - Microwave router initialized
2025-05-17 23:57:21,230 - api_router - INFO - Induction router initialized
2025-05-17 23:57:21,230 - api_router - INFO - Personalization router initialized
2025-05-17 23:57:21,231 - api_router - INFO - Cooking router initialized
2025-05-17 23:57:21,231 - api_router - INFO - Mobile router initialized
2025-05-17 23:57:21,262 - smart_home_api - INFO - Smart Home API server is starting up
2025-05-17 23:57:25,609 - smart_home_api - INFO - Smart Home API server is shutting down
2025-05-17 23:57:25,817 - api_router - INFO - Initializing API routers
2025-05-17 23:57:25,818 - api_router - INFO - Refrigerator router initialized
2025-05-17 23:57:25,819 - api_router - INFO - Microwave router initialized
2025-05-17 23:57:25,820 - api_router - INFO - Induction router initialized
2025-05-17 23:57:25,820 - api_router - INFO - Personalization router initialized
2025-05-17 23:57:25,821 - api_router - INFO - Cooking router initialized
2025-05-17 23:57:25,822 - api_router - INFO - Mobile router initialized
2025-05-17 23:57:25,856 - smart_home_api - INFO - Smart Home API server is starting up
2025-05-17 23:57:32,730 - smart_home_api - INFO - Smart Home API server is shutting down
2025-05-17 23:57:32,903 - api_router - INFO - Initializing API routers
2025-05-17 23:57:32,905 - api_router - INFO - Refrigerator router initialized
2025-05-17 23:57:32,905 - api_router - INFO - Microwave router initialized
2025-05-17 23:57:32,906 - api_router - INFO - Induction router initialized
2025-05-17 23:57:32,906 - api_router - INFO - Personalization router initialized
2025-05-17 23:57:32,907 - api_router - INFO - Cooking router initialized
2025-05-17 23:57:32,908 - api_router - INFO - Mobile router initialized
2025-05-17 23:57:32,938 - smart_home_api - INFO - Smart Home API server is starting up
2025-05-17 23:57:50,278 - smart_home_api - INFO - Smart Home API server is shutting down
2025-05-17 23:57:50,544 - api_router - INFO - Initializing API routers
2025-05-17 23:57:50,545 - api_router - INFO - Refrigerator router initialized
2025-05-17 23:57:50,545 - api_router - INFO - Microwave router initialized
2025-05-17 23:57:50,546 - api_router - INFO - Induction router initialized
2025-05-17 23:57:50,547 - api_router - INFO - Personalization router initialized
2025-05-17 23:57:50,548 - api_router - INFO - Cooking router initialized
2025-05-17 23:57:50,549 - api_router - INFO - Mobile router initialized
2025-05-17 23:57:50,549 - api_router - INFO - TV router initialized
2025-05-17 23:57:50,550 - api_router - INFO - Light router initialized
2025-05-17 23:57:50,550 - api_router - INFO - Curtain router initialized
2025-05-17 23:57:50,551 - api_router - INFO - Audio router initialized
2025-05-17 23:57:50,605 - smart_home_api - INFO - Smart Home API server is starting up
2025-05-17 23:59:37,749 - smart_home_api - INFO - Smart Home API server is shutting down
2025-05-17 23:59:38,014 - api_router - INFO - Initializing API routers
2025-05-17 23:59:38,016 - api_router - INFO - Refrigerator router initialized
2025-05-17 23:59:38,017 - api_router - INFO - Microwave router initialized
2025-05-17 23:59:38,017 - api_router - INFO - Induction router initialized
2025-05-17 23:59:38,018 - api_router - INFO - Personalization router initialized
2025-05-17 23:59:38,018 - api_router - INFO - Cooking router initialized
2025-05-17 23:59:38,019 - api_router - INFO - Mobile router initialized
2025-05-17 23:59:38,020 - api_router - INFO - TV router initialized
2025-05-17 23:59:38,020 - api_router - INFO - Light router initialized
2025-05-17 23:59:38,021 - api_router - INFO - Curtain router initialized
2025-05-17 23:59:38,021 - api_router - INFO - Audio router initialized
2025-05-17 23:59:38,102 - smart_home_api - INFO - Smart Home API server is starting up
2025-05-17 23:59:38,919 - smart_home_api - INFO - Smart Home API server is shutting down
